<?xml version='1.0'?>
<ns2:test-suite xmlns:ns2='urn:model.allure.qatools.yandex.ru' start='1547002828738' stop='1547002850595'>
    <name>Regresion Suite</name>
    <title>Regresion Suite</title>
    <test-cases>
        <test-case start='1547002842740' status='passed' stop='1547002842780'>
            <name>should verify the title</name>
            <title>should verify the title</title>
            <labels/>
            <parameters/>
            <steps/>
            <attachments/>
        </test-case>
        <test-case start='1547002842780' status='failed' stop='1547002847601'>
            <name>should successfully logIn</name>
            <title>should successfully logIn</title>
            <labels/>
            <parameters/>
            <steps/>
            <attachments/>
            <failure>
                <message>Expected 'VA' to equal undefined.</message>
                <stack-trace>Error: Failed expectation
                    at home.VAtitleText.getText.then.x (C:\Users\PC USER\Desktop\BookIT\Test\spec.js:30:23)
                    at elementArrayFinder_.then (C:\Users\PC USER\AppData\Roaming\npm\node_modules\protractor\built\element.js:804:32)
                    at ManagedPromise.invokeCallback_ (C:\Users\PC USER\AppData\Roaming\npm\node_modules\protractor\node_modules\selenium-webdriver\lib\promise.js:1376:14)
                    at TaskQueue.execute_ (C:\Users\PC USER\AppData\Roaming\npm\node_modules\protractor\node_modules\selenium-webdriver\lib\promise.js:3084:14)
                    at TaskQueue.executeNext_ (C:\Users\PC USER\AppData\Roaming\npm\node_modules\protractor\node_modules\selenium-webdriver\lib\promise.js:3067:27)
                    at asyncRun (C:\Users\PC USER\AppData\Roaming\npm\node_modules\protractor\node_modules\selenium-webdriver\lib\promise.js:2927:27)
                    at C:\Users\PC USER\AppData\Roaming\npm\node_modules\protractor\node_modules\selenium-webdriver\lib\promise.js:668:7
                    at &lt;anonymous>
                    at process._tickCallback (internal/process/next_tick.js:189:7)</stack-trace>
            </failure>
        </test-case>
        <test-case start='1547002847601' status='failed' stop='1547002849856'>
            <name>should be able to click hunt link</name>
            <title>should be able to click hunt link</title>
            <labels/>
            <parameters/>
            <steps/>
            <attachments/>
            <failure>
                <message>Expected undefined to equal 'hunt for spot'.</message>
                <stack-trace>Error: Failed expectation
                    at reservation.huntForSpot.getText.then.x (C:\Users\PC USER\Desktop\BookIT\Test\spec.js:41:58)
                    at elementArrayFinder_.then (C:\Users\PC USER\AppData\Roaming\npm\node_modules\protractor\built\element.js:804:32)
                    at ManagedPromise.invokeCallback_ (C:\Users\PC USER\AppData\Roaming\npm\node_modules\protractor\node_modules\selenium-webdriver\lib\promise.js:1376:14)
                    at TaskQueue.execute_ (C:\Users\PC USER\AppData\Roaming\npm\node_modules\protractor\node_modules\selenium-webdriver\lib\promise.js:3084:14)
                    at TaskQueue.executeNext_ (C:\Users\PC USER\AppData\Roaming\npm\node_modules\protractor\node_modules\selenium-webdriver\lib\promise.js:3067:27)
                    at asyncRun (C:\Users\PC USER\AppData\Roaming\npm\node_modules\protractor\node_modules\selenium-webdriver\lib\promise.js:2927:27)
                    at C:\Users\PC USER\AppData\Roaming\npm\node_modules\protractor\node_modules\selenium-webdriver\lib\promise.js:668:7
                    at &lt;anonymous>
                    at process._tickCallback (internal/process/next_tick.js:189:7)</stack-trace>
            </failure>
        </test-case>
        <test-case start='1547002849856' status='failed' stop='1547002850592'>
            <name>should be able to enter the valid dates and see the options available</name>
            <title>should be able to enter the valid dates and see the options available</title>
            <labels/>
            <parameters/>
            <steps/>
            <attachments/>
            <failure>
                <message>Failed: Cannot read property 'getText' of undefined</message>
                <stack-trace>TypeError: Cannot read property 'getText' of undefined
                    at UserContext.it (C:\Users\PC USER\Desktop\BookIT\Test\spec.js:53:25)
                    at C:\Users\PC USER\AppData\Roaming\npm\node_modules\protractor\node_modules\jasminewd2\index.js:112:25
                    at new ManagedPromise (C:\Users\PC USER\AppData\Roaming\npm\node_modules\protractor\node_modules\selenium-webdriver\lib\promise.js:1077:7)
                    at ControlFlow.promise (C:\Users\PC USER\AppData\Roaming\npm\node_modules\protractor\node_modules\selenium-webdriver\lib\promise.js:2505:12)
                    at schedulerExecute (C:\Users\PC USER\AppData\Roaming\npm\node_modules\protractor\node_modules\jasminewd2\index.js:95:18)
                    at TaskQueue.execute_ (C:\Users\PC USER\AppData\Roaming\npm\node_modules\protractor\node_modules\selenium-webdriver\lib\promise.js:3084:14)
                    at TaskQueue.executeNext_ (C:\Users\PC USER\AppData\Roaming\npm\node_modules\protractor\node_modules\selenium-webdriver\lib\promise.js:3067:27)
                    at asyncRun (C:\Users\PC USER\AppData\Roaming\npm\node_modules\protractor\node_modules\selenium-webdriver\lib\promise.js:2974:25)
                    at C:\Users\PC USER\AppData\Roaming\npm\node_modules\protractor\node_modules\selenium-webdriver\lib\promise.js:668:7
                    at &lt;anonymous>
                From: Task: Run it("should be able to enter the valid dates and see the options available") in control flow
                    at UserContext.&lt;anonymous> (C:\Users\PC USER\AppData\Roaming\npm\node_modules\protractor\node_modules\jasminewd2\index.js:94:19)
                    at attempt (C:\Users\PC USER\AppData\Roaming\npm\node_modules\protractor\node_modules\jasmine-core\lib\jasmine-core\jasmine.js:4297:26)
                    at QueueRunner.run (C:\Users\PC USER\AppData\Roaming\npm\node_modules\protractor\node_modules\jasmine-core\lib\jasmine-core\jasmine.js:4217:20)
                    at runNext (C:\Users\PC USER\AppData\Roaming\npm\node_modules\protractor\node_modules\jasmine-core\lib\jasmine-core\jasmine.js:4257:20)
                    at C:\Users\PC USER\AppData\Roaming\npm\node_modules\protractor\node_modules\jasmine-core\lib\jasmine-core\jasmine.js:4264:13
                    at C:\Users\PC USER\AppData\Roaming\npm\node_modules\protractor\node_modules\jasmine-core\lib\jasmine-core\jasmine.js:4172:9
                    at C:\Users\PC USER\AppData\Roaming\npm\node_modules\protractor\node_modules\jasminewd2\index.js:64:48
                    at ControlFlow.emit (C:\Users\PC USER\AppData\Roaming\npm\node_modules\protractor\node_modules\selenium-webdriver\lib\events.js:62:21)
                    at ControlFlow.shutdown_ (C:\Users\PC USER\AppData\Roaming\npm\node_modules\protractor\node_modules\selenium-webdriver\lib\promise.js:2674:10)
                    at shutdownTask_.MicroTask (C:\Users\PC USER\AppData\Roaming\npm\node_modules\protractor\node_modules\selenium-webdriver\lib\promise.js:2599:53)
                From asynchronous test: 
                Error
                    at Suite.describe (C:\Users\PC USER\Desktop\BookIT\Test\spec.js:45:5)
                    at addSpecsToSuite (C:\Users\PC USER\AppData\Roaming\npm\node_modules\protractor\node_modules\jasmine-core\lib\jasmine-core\jasmine.js:1107:25)
                    at Env.describe (C:\Users\PC USER\AppData\Roaming\npm\node_modules\protractor\node_modules\jasmine-core\lib\jasmine-core\jasmine.js:1074:7)
                    at describe (C:\Users\PC USER\AppData\Roaming\npm\node_modules\protractor\node_modules\jasmine-core\lib\jasmine-core\jasmine.js:4399:18)
                    at Object.&lt;anonymous> (C:\Users\PC USER\Desktop\BookIT\Test\spec.js:10:1)
                    at Module._compile (module.js:653:30)
                    at Object.Module._extensions..js (module.js:664:10)
                    at Module.load (module.js:566:32)
                    at tryModuleLoad (module.js:506:12)</stack-trace>
            </failure>
        </test-case>
    </test-cases>
</ns2:test-suite>